<?xml version="1.0" encoding="UTF-8"?>
<!-- Generated by org.testng.reporters.JUnitReportReporter -->
<testsuite hostname="Aniket-PC" failures="0" tests="1" name="testCases.TC_2_LoginTest_ValidCredentials" time="8.708" errors="0" timestamp="2024-03-27T14:44:02 IST" skipped="0">
  <testcase classname="testCases.TC_2_LoginTest_ValidCredentials" name="test2" time="8.708"/>
</testsuite> <!-- testCases.TC_2_LoginTest_ValidCredentials -->
