<?xml version="1.0" encoding="UTF-8"?>
<!-- Generated by org.testng.reporters.JUnitReportReporter -->
<testsuite hostname="Aniket-PC" failures="0" tests="1" name="testCases.TC_2_LoginTest_ShouldPass" time="8.289" errors="0" timestamp="2024-03-27T14:15:35 IST" skipped="0">
  <testcase classname="testCases.TC_2_LoginTest_ShouldPass" name="test2" time="8.289"/>
</testsuite> <!-- testCases.TC_2_LoginTest_ShouldPass -->
