<?xml version="1.0" encoding="UTF-8"?>
<!-- Generated by org.testng.reporters.JUnitReportReporter -->
<testsuite hostname="Aniket-PC" failures="0" tests="1" name="testCases.TC_2_LoginTest_ValidCredentials" time="9.358" errors="0" timestamp="2024-07-14T16:35:49 IST" skipped="0">
  <testcase classname="testCases.TC_2_LoginTest_ValidCredentials" name="test2" time="9.358"/>
</testsuite> <!-- testCases.TC_2_LoginTest_ValidCredentials -->
